<?xml version="1.0" encoding="UTF-8"?>
<testng-results ignored="0" total="2" passed="2" failed="0" skipped="0">
  <reporter-output>
  </reporter-output>
  <suite started-at="2024-09-26T13:12:43 IST" name="Suite" finished-at="2024-09-26T13:12:56 IST" duration-ms="13019">
    <groups>
    </groups>
    <test started-at="2024-09-26T13:12:43 IST" name="Test" finished-at="2024-09-26T13:12:56 IST" duration-ms="13019">
      <class name="com.actitime.testcases.TC1_LoginLogout">
        <test-method is-config="true" signature="setup()[pri:0, instance:com.actitime.testcases.TC1_LoginLogout@16d04d3d]" started-at="2024-09-26T13:12:43 IST" name="setup" finished-at="2024-09-26T13:12:49 IST" duration-ms="5479" status="PASS">
          <reporter-output>
          </reporter-output>
        </test-method> <!-- setup -->
        <test-method signature="login()[pri:0, instance:com.actitime.testcases.TC1_LoginLogout@16d04d3d]" started-at="2024-09-26T13:12:49 IST" name="login" finished-at="2024-09-26T13:12:50 IST" duration-ms="903" status="PASS">
          <reporter-output>
          </reporter-output>
        </test-method> <!-- login -->
        <test-method signature="logout()[pri:0, instance:com.actitime.testcases.TC1_LoginLogout@16d04d3d]" started-at="2024-09-26T13:12:50 IST" name="logout" finished-at="2024-09-26T13:12:56 IST" depends-on-methods="com.actitime.testcases.TC1_LoginLogout.login" duration-ms="6460" status="PASS">
          <reporter-output>
          </reporter-output>
        </test-method> <!-- logout -->
        <test-method is-config="true" signature="teardown()[pri:0, instance:com.actitime.testcases.TC1_LoginLogout@16d04d3d]" started-at="2024-09-26T13:12:56 IST" name="teardown" finished-at="2024-09-26T13:12:56 IST" duration-ms="142" status="PASS">
          <reporter-output>
          </reporter-output>
        </test-method> <!-- teardown -->
      </class> <!-- com.actitime.testcases.TC1_LoginLogout -->
    </test> <!-- Test -->
  </suite> <!-- Suite -->
</testng-results>
